[2025-11-24T15:18:55.660+0000] {local_task_job_runner.py:120} INFO - ::group::Pre task execution logs
[2025-11-24T15:18:55.666+0000] {taskinstance.py:2076} INFO - Dependencies all met for dep_context=non-requeueable deps ti=<TaskInstance: students_cleaning_dag.clean_students_data manual__2025-11-24T15:18:53.908537+00:00 [queued]>
[2025-11-24T15:18:55.668+0000] {taskinstance.py:2076} INFO - Dependencies all met for dep_context=requeueable deps ti=<TaskInstance: students_cleaning_dag.clean_students_data manual__2025-11-24T15:18:53.908537+00:00 [queued]>
[2025-11-24T15:18:55.668+0000] {taskinstance.py:2306} INFO - Starting attempt 1 of 2
[2025-11-24T15:18:55.672+0000] {taskinstance.py:2330} INFO - Executing <Task(PythonOperator): clean_students_data> on 2025-11-24 15:18:53.908537+00:00
[2025-11-24T15:18:55.677+0000] {logging_mixin.py:188} WARNING - /home/airflow/.local/lib/python3.12/site-packages/airflow/task/task_runner/standard_task_runner.py:61 DeprecationWarning: This process (pid=507) is multi-threaded, use of fork() may lead to deadlocks in the child.
[2025-11-24T15:18:55.676+0000] {standard_task_runner.py:90} INFO - Running: ['airflow', 'tasks', 'run', 'students_cleaning_dag', 'clean_students_data', 'manual__2025-11-24T15:18:53.908537+00:00', '--job-id', '8', '--raw', '--subdir', 'DAGS_FOLDER/cleaning_data_airflow.py', '--cfg-path', '/tmp/tmp0wl_ioyr']
[2025-11-24T15:18:55.677+0000] {standard_task_runner.py:91} INFO - Job 8: Subtask clean_students_data
[2025-11-24T15:18:55.677+0000] {standard_task_runner.py:63} INFO - Started process 522 to run task
[2025-11-24T15:18:55.689+0000] {task_command.py:426} INFO - Running <TaskInstance: students_cleaning_dag.clean_students_data manual__2025-11-24T15:18:53.908537+00:00 [running]> on host ae664d9de7df
[2025-11-24T15:18:55.710+0000] {taskinstance.py:2648} INFO - Exporting env vars: AIRFLOW_CTX_DAG_OWNER='student' AIRFLOW_CTX_DAG_ID='students_cleaning_dag' AIRFLOW_CTX_TASK_ID='clean_students_data' AIRFLOW_CTX_EXECUTION_DATE='2025-11-24T15:18:53.908537+00:00' AIRFLOW_CTX_TRY_NUMBER='1' AIRFLOW_CTX_DAG_RUN_ID='manual__2025-11-24T15:18:53.908537+00:00'
[2025-11-24T15:18:55.710+0000] {taskinstance.py:430} INFO - ::endgroup::
[2025-11-24T15:18:55.721+0000] {taskinstance.py:441} INFO - ::group::Post task execution logs
[2025-11-24T15:18:55.721+0000] {taskinstance.py:2905} ERROR - Task failed with exception
Traceback (most recent call last):
  File "/home/airflow/.local/lib/python3.12/site-packages/airflow/models/taskinstance.py", line 465, in _execute_task
    result = _execute_callable(context=context, **execute_callable_kwargs)
             ^^^^^^^^^^^^^^^^^^^^^^^^^^^^^^^^^^^^^^^^^^^^^^^^^^^^^^^^^^^^^
  File "/home/airflow/.local/lib/python3.12/site-packages/airflow/models/taskinstance.py", line 432, in _execute_callable
    return execute_callable(context=context, **execute_callable_kwargs)
           ^^^^^^^^^^^^^^^^^^^^^^^^^^^^^^^^^^^^^^^^^^^^^^^^^^^^^^^^^^^^
  File "/home/airflow/.local/lib/python3.12/site-packages/airflow/models/baseoperator.py", line 400, in wrapper
    return func(self, *args, **kwargs)
           ^^^^^^^^^^^^^^^^^^^^^^^^^^^
  File "/home/airflow/.local/lib/python3.12/site-packages/airflow/operators/python.py", line 235, in execute
    return_value = self.execute_callable()
                   ^^^^^^^^^^^^^^^^^^^^^^^
  File "/home/airflow/.local/lib/python3.12/site-packages/airflow/operators/python.py", line 252, in execute_callable
    return self.python_callable(*self.op_args, **self.op_kwargs)
           ^^^^^^^^^^^^^^^^^^^^^^^^^^^^^^^^^^^^^^^^^^^^^^^^^^^^^
  File "/opt/airflow/dags/cleaning_data_airflow.py", line 40, in clean_students_data
    df.to_csv('/opt/airflow/dagsss/students_cleaned.csv', index=False)
  File "/home/airflow/.local/lib/python3.12/site-packages/pandas/core/generic.py", line 3902, in to_csv
    return DataFrameRenderer(formatter).to_csv(
           ^^^^^^^^^^^^^^^^^^^^^^^^^^^^^^^^^^^^
  File "/home/airflow/.local/lib/python3.12/site-packages/pandas/io/formats/format.py", line 1152, in to_csv
    csv_formatter.save()
  File "/home/airflow/.local/lib/python3.12/site-packages/pandas/io/formats/csvs.py", line 247, in save
    with get_handle(
         ^^^^^^^^^^^
  File "/home/airflow/.local/lib/python3.12/site-packages/pandas/io/common.py", line 739, in get_handle
    check_parent_directory(str(handle))
  File "/home/airflow/.local/lib/python3.12/site-packages/pandas/io/common.py", line 604, in check_parent_directory
    raise OSError(rf"Cannot save file into a non-existent directory: '{parent}'")
OSError: Cannot save file into a non-existent directory: '/opt/airflow/dagsss'
[2025-11-24T15:18:55.724+0000] {taskinstance.py:1206} INFO - Marking task as UP_FOR_RETRY. dag_id=students_cleaning_dag, task_id=clean_students_data, run_id=manual__2025-11-24T15:18:53.908537+00:00, execution_date=20251124T151853, start_date=20251124T151855, end_date=20251124T151855
[2025-11-24T15:18:55.728+0000] {standard_task_runner.py:110} ERROR - Failed to execute job 8 for task clean_students_data (Cannot save file into a non-existent directory: '/opt/airflow/dagsss'; 522)
[2025-11-24T15:18:55.739+0000] {local_task_job_runner.py:240} INFO - Task exited with return code 1
[2025-11-24T15:18:55.743+0000] {taskinstance.py:3498} INFO - 0 downstream tasks scheduled from follow-on schedule check
[2025-11-24T15:18:55.744+0000] {local_task_job_runner.py:222} INFO - ::endgroup::
