{"timestamp":"2025-11-26T18:45:07.658559Z","level":"info","event":"DAG bundles loaded: dags-folder","logger":"airflow.dag_processing.bundles.manager.DagBundlesManager","filename":"manager.py","lineno":179}
{"timestamp":"2025-11-26T18:45:07.659104Z","level":"info","event":"Filling up the DagBag from /opt/airflow/dags/classwork_dag.py","logger":"airflow.models.dagbag.DagBag","filename":"dagbag.py","lineno":593}
{"timestamp":"2025-11-26T18:45:07.692763Z","level":"warning","event":"The `airflow.operators.empty.EmptyOperator` attribute is deprecated. Please use `'airflow.providers.standard.operators.empty.EmptyOperator'`.","category":"DeprecatedImportWarning","filename":"/opt/airflow/dags/classwork_dag.py","lineno":4,"logger":"py.warnings"}
{"timestamp":"2025-11-26T18:45:07.692826Z","level":"warning","event":"The `airflow.operators.bash.BashOperator` attribute is deprecated. Please use `'airflow.providers.standard.operators.bash.BashOperator'`.","category":"DeprecatedImportWarning","filename":"/opt/airflow/dags/classwork_dag.py","lineno":5,"logger":"py.warnings"}
{"timestamp":"2025-11-26T18:45:07.692857Z","level":"warning","event":"The `airflow.operators.python.PythonOperator` attribute is deprecated. Please use `'airflow.providers.standard.operators.python.PythonOperator'`.","category":"DeprecatedImportWarning","filename":"/opt/airflow/dags/classwork_dag.py","lineno":6,"logger":"py.warnings"}
{"timestamp":"2025-11-26T18:45:07.692879Z","level":"warning","event":"The `airflow.operators.python.BranchPythonOperator` attribute is deprecated. Please use `'airflow.providers.standard.operators.python.BranchPythonOperator'`.","category":"DeprecatedImportWarning","filename":"/opt/airflow/dags/classwork_dag.py","lineno":6,"logger":"py.warnings"}
{"timestamp":"2025-11-26T18:45:07.692899Z","level":"warning","event":"The `airflow.sensors.time_delta.TimeDeltaSensor` attribute is deprecated. Please use `'airflow.providers.standard.sensors.time_delta.TimeDeltaSensor'`.","category":"DeprecatedImportWarning","filename":"/opt/airflow/dags/classwork_dag.py","lineno":7,"logger":"py.warnings"}
{"timestamp":"2025-11-26T18:45:07.692917Z","level":"warning","event":"The `airflow.operators.email.EmailOperator` attribute is deprecated. Please use `'airflow.providers.smtp.operators.smtp.EmailOperator'`.","category":"DeprecatedImportWarning","filename":"/opt/airflow/dags/classwork_dag.py","lineno":8,"logger":"py.warnings"}
{"timestamp":"2025-11-26T18:45:07.696112Z","level":"info","event":"Checking if the delta has elapsed base_time=2025-11-26 18:45:03+00:00, delta=0:00:05","logger":"airflow.task.operators.airflow.providers.standard.sensors.time_delta.TimeDeltaSensor","filename":"time_delta.py","lineno":101}
{"timestamp":"2025-11-26T18:45:07.696172Z","level":"warning","event":"The `airflow.utils.timezone.utcnow` attribute is deprecated. Please use `'airflow.sdk.timezone.utcnow'`.","category":"DeprecatedImportWarning","filename":"/home/airflow/.local/lib/python3.12/site-packages/airflow/providers/standard/sensors/time_delta.py","lineno":102,"logger":"py.warnings"}
{"timestamp":"2025-11-26T18:45:07.696251Z","level":"info","event":"Rescheduling task, marking task as UP_FOR_RESCHEDULE","logger":"task","filename":"task_runner.py","lineno":953}
{"timestamp":"2025-11-26T18:45:09.734829Z","level":"info","event":"DAG bundles loaded: dags-folder","logger":"airflow.dag_processing.bundles.manager.DagBundlesManager","filename":"manager.py","lineno":179}
{"timestamp":"2025-11-26T18:45:09.735884Z","level":"info","event":"Filling up the DagBag from /opt/airflow/dags/classwork_dag.py","logger":"airflow.models.dagbag.DagBag","filename":"dagbag.py","lineno":593}
{"timestamp":"2025-11-26T18:45:09.776252Z","level":"warning","event":"The `airflow.operators.empty.EmptyOperator` attribute is deprecated. Please use `'airflow.providers.standard.operators.empty.EmptyOperator'`.","category":"DeprecatedImportWarning","filename":"/opt/airflow/dags/classwork_dag.py","lineno":4,"logger":"py.warnings"}
{"timestamp":"2025-11-26T18:45:09.776325Z","level":"warning","event":"The `airflow.operators.bash.BashOperator` attribute is deprecated. Please use `'airflow.providers.standard.operators.bash.BashOperator'`.","category":"DeprecatedImportWarning","filename":"/opt/airflow/dags/classwork_dag.py","lineno":5,"logger":"py.warnings"}
{"timestamp":"2025-11-26T18:45:09.776349Z","level":"warning","event":"The `airflow.operators.python.PythonOperator` attribute is deprecated. Please use `'airflow.providers.standard.operators.python.PythonOperator'`.","category":"DeprecatedImportWarning","filename":"/opt/airflow/dags/classwork_dag.py","lineno":6,"logger":"py.warnings"}
{"timestamp":"2025-11-26T18:45:09.776369Z","level":"warning","event":"The `airflow.operators.python.BranchPythonOperator` attribute is deprecated. Please use `'airflow.providers.standard.operators.python.BranchPythonOperator'`.","category":"DeprecatedImportWarning","filename":"/opt/airflow/dags/classwork_dag.py","lineno":6,"logger":"py.warnings"}
{"timestamp":"2025-11-26T18:45:09.776389Z","level":"warning","event":"The `airflow.sensors.time_delta.TimeDeltaSensor` attribute is deprecated. Please use `'airflow.providers.standard.sensors.time_delta.TimeDeltaSensor'`.","category":"DeprecatedImportWarning","filename":"/opt/airflow/dags/classwork_dag.py","lineno":7,"logger":"py.warnings"}
{"timestamp":"2025-11-26T18:45:09.776406Z","level":"warning","event":"The `airflow.operators.email.EmailOperator` attribute is deprecated. Please use `'airflow.providers.smtp.operators.smtp.EmailOperator'`.","category":"DeprecatedImportWarning","filename":"/opt/airflow/dags/classwork_dag.py","lineno":8,"logger":"py.warnings"}
{"timestamp":"2025-11-26T18:45:09.785715Z","level":"info","event":"Checking if the delta has elapsed base_time=2025-11-26 18:45:03+00:00, delta=0:00:05","logger":"airflow.task.operators.airflow.providers.standard.sensors.time_delta.TimeDeltaSensor","filename":"time_delta.py","lineno":101}
{"timestamp":"2025-11-26T18:45:09.785795Z","level":"warning","event":"The `airflow.utils.timezone.utcnow` attribute is deprecated. Please use `'airflow.sdk.timezone.utcnow'`.","category":"DeprecatedImportWarning","filename":"/home/airflow/.local/lib/python3.12/site-packages/airflow/providers/standard/sensors/time_delta.py","lineno":102,"logger":"py.warnings"}
{"timestamp":"2025-11-26T18:45:09.785819Z","level":"info","event":"Success criteria met. Exiting.","logger":"airflow.task.operators.airflow.providers.standard.sensors.time_delta.TimeDeltaSensor","filename":"sensor.py","lineno":250}
